2021-05-07 17:53:40.961  WARN 6336 --- [background-preinit] o.s.h.c.j.Jackson2ObjectMapperBuilder    : For Jackson Kotlin classes support please add "com.fasterxml.jackson.module:jackson-module-kotlin" to the classpath
2021-05-07 17:53:41.107 ERROR 6336 --- [main] lavalink.server.Launcher                 : Application failed

java.lang.UnsupportedClassVersionError: lavalink/server/info/AppInfo has been compiled by a more recent version of the Java Runtime (class file version 55.0), this version of the Java Runtime only recognizes class file versions up to 52.0
	at java.lang.ClassLoader.defineClass1(Native Method) ~[na:1.8.0_51]
	at java.lang.ClassLoader.defineClass(Unknown Source) ~[na:1.8.0_51]
	at java.security.SecureClassLoader.defineClass(Unknown Source) ~[na:1.8.0_51]
	at java.net.URLClassLoader.defineClass(Unknown Source) ~[na:1.8.0_51]
	at java.net.URLClassLoader.access$100(Unknown Source) ~[na:1.8.0_51]
	at java.net.URLClassLoader$1.run(Unknown Source) ~[na:1.8.0_51]
	at java.net.URLClassLoader$1.run(Unknown Source) ~[na:1.8.0_51]
	at java.security.AccessController.doPrivileged(Native Method) ~[na:1.8.0_51]
	at java.net.URLClassLoader.findClass(Unknown Source) ~[na:1.8.0_51]
	at java.lang.ClassLoader.loadClass(Unknown Source) ~[na:1.8.0_51]
	at org.springframework.boot.loader.LaunchedURLClassLoader.loadClass(LaunchedURLClassLoader.java:93) ~[Lavalink.jar:na]
	at java.lang.ClassLoader.loadClass(Unknown Source) ~[na:1.8.0_51]
	at lavalink.server.Launcher.getVersionInfo(Launcher.kt:50) [classes!/:na]
	at lavalink.server.Launcher.getVersionInfo$default(Launcher.kt:49) [classes!/:na]
	at lavalink.server.Launcher$main$1.onApplicationEvent(Launcher.kt:118) ~[classes!/:na]
	at lavalink.server.Launcher$main$1.onApplicationEvent(Launcher.kt:43) ~[classes!/:na]
	at org.springframework.context.event.SimpleApplicationEventMulticaster.doInvokeListener(SimpleApplicationEventMulticaster.java:172) ~[spring-context-5.1.9.RELEASE.jar!/:5.1.9.RELEASE]
	at org.springframework.context.event.SimpleApplicationEventMulticaster.invokeListener(SimpleApplicationEventMulticaster.java:165) ~[spring-context-5.1.9.RELEASE.jar!/:5.1.9.RELEASE]
	at org.springframework.context.event.SimpleApplicationEventMulticaster.multicastEvent(SimpleApplicationEventMulticaster.java:139) ~[spring-context-5.1.9.RELEASE.jar!/:5.1.9.RELEASE]
	at org.springframework.context.event.SimpleApplicationEventMulticaster.multicastEvent(SimpleApplicationEventMulticaster.java:127) ~[spring-context-5.1.9.RELEASE.jar!/:5.1.9.RELEASE]
	at org.springframework.boot.context.event.EventPublishingRunListener.environmentPrepared(EventPublishingRunListener.java:76) ~[spring-boot-2.1.8.RELEASE.jar!/:2.1.8.RELEASE]
	at org.springframework.boot.SpringApplicationRunListeners.environmentPrepared(SpringApplicationRunListeners.java:53) ~[spring-boot-2.1.8.RELEASE.jar!/:2.1.8.RELEASE]
	at org.springframework.boot.SpringApplication.prepareEnvironment(SpringApplication.java:342) ~[spring-boot-2.1.8.RELEASE.jar!/:2.1.8.RELEASE]
	at org.springframework.boot.SpringApplication.run(SpringApplication.java:305) ~[spring-boot-2.1.8.RELEASE.jar!/:2.1.8.RELEASE]
	at lavalink.server.Launcher.main(Launcher.kt:127) [classes!/:na]
	at sun.reflect.NativeMethodAccessorImpl.invoke0(Native Method) ~[na:1.8.0_51]
	at sun.reflect.NativeMethodAccessorImpl.invoke(Unknown Source) ~[na:1.8.0_51]
	at sun.reflect.DelegatingMethodAccessorImpl.invoke(Unknown Source) ~[na:1.8.0_51]
	at java.lang.reflect.Method.invoke(Unknown Source) ~[na:1.8.0_51]
	at org.springframework.boot.loader.MainMethodRunner.run(MainMethodRunner.java:48) [Lavalink.jar:na]
	at org.springframework.boot.loader.Launcher.launch(Launcher.java:87) [Lavalink.jar:na]
	at org.springframework.boot.loader.Launcher.launch(Launcher.java:51) [Lavalink.jar:na]
	at org.springframework.boot.loader.JarLauncher.main(JarLauncher.java:52) [Lavalink.jar:na]

2021-05-07 17:53:41.111 ERROR 6336 --- [main] o.s.boot.SpringApplication               : Application run failed

java.lang.UnsupportedClassVersionError: lavalink/server/info/AppInfo has been compiled by a more recent version of the Java Runtime (class file version 55.0), this version of the Java Runtime only recognizes class file versions up to 52.0
	at java.lang.ClassLoader.defineClass1(Native Method) ~[na:1.8.0_51]
	at java.lang.ClassLoader.defineClass(Unknown Source) ~[na:1.8.0_51]
	at java.security.SecureClassLoader.defineClass(Unknown Source) ~[na:1.8.0_51]
	at java.net.URLClassLoader.defineClass(Unknown Source) ~[na:1.8.0_51]
	at java.net.URLClassLoader.access$100(Unknown Source) ~[na:1.8.0_51]
	at java.net.URLClassLoader$1.run(Unknown Source) ~[na:1.8.0_51]
	at java.net.URLClassLoader$1.run(Unknown Source) ~[na:1.8.0_51]
	at java.security.AccessController.doPrivileged(Native Method) ~[na:1.8.0_51]
	at java.net.URLClassLoader.findClass(Unknown Source) ~[na:1.8.0_51]
	at java.lang.ClassLoader.loadClass(Unknown Source) ~[na:1.8.0_51]
	at org.springframework.boot.loader.LaunchedURLClassLoader.loadClass(LaunchedURLClassLoader.java:93) ~[Lavalink.jar:na]
	at java.lang.ClassLoader.loadClass(Unknown Source) ~[na:1.8.0_51]
	at lavalink.server.Launcher.getVersionInfo(Launcher.kt:50) [classes!/:na]
	at lavalink.server.Launcher.getVersionInfo$default(Launcher.kt:49) [classes!/:na]
	at lavalink.server.Launcher$main$1.onApplicationEvent(Launcher.kt:118) ~[classes!/:na]
	at lavalink.server.Launcher$main$1.onApplicationEvent(Launcher.kt:43) ~[classes!/:na]
	at org.springframework.context.event.SimpleApplicationEventMulticaster.doInvokeListener(SimpleApplicationEventMulticaster.java:172) ~[spring-context-5.1.9.RELEASE.jar!/:5.1.9.RELEASE]
	at org.springframework.context.event.SimpleApplicationEventMulticaster.invokeListener(SimpleApplicationEventMulticaster.java:165) ~[spring-context-5.1.9.RELEASE.jar!/:5.1.9.RELEASE]
	at org.springframework.context.event.SimpleApplicationEventMulticaster.multicastEvent(SimpleApplicationEventMulticaster.java:139) ~[spring-context-5.1.9.RELEASE.jar!/:5.1.9.RELEASE]
	at org.springframework.context.event.SimpleApplicationEventMulticaster.multicastEvent(SimpleApplicationEventMulticaster.java:127) ~[spring-context-5.1.9.RELEASE.jar!/:5.1.9.RELEASE]
	at org.springframework.boot.context.event.EventPublishingRunListener.environmentPrepared(EventPublishingRunListener.java:76) ~[spring-boot-2.1.8.RELEASE.jar!/:2.1.8.RELEASE]
	at org.springframework.boot.SpringApplicationRunListeners.environmentPrepared(SpringApplicationRunListeners.java:53) ~[spring-boot-2.1.8.RELEASE.jar!/:2.1.8.RELEASE]
	at org.springframework.boot.SpringApplication.prepareEnvironment(SpringApplication.java:342) ~[spring-boot-2.1.8.RELEASE.jar!/:2.1.8.RELEASE]
	at org.springframework.boot.SpringApplication.run(SpringApplication.java:305) ~[spring-boot-2.1.8.RELEASE.jar!/:2.1.8.RELEASE]
	at lavalink.server.Launcher.main(Launcher.kt:127) [classes!/:na]
	at sun.reflect.NativeMethodAccessorImpl.invoke0(Native Method) ~[na:1.8.0_51]
	at sun.reflect.NativeMethodAccessorImpl.invoke(Unknown Source) ~[na:1.8.0_51]
	at sun.reflect.DelegatingMethodAccessorImpl.invoke(Unknown Source) ~[na:1.8.0_51]
	at java.lang.reflect.Method.invoke(Unknown Source) ~[na:1.8.0_51]
	at org.springframework.boot.loader.MainMethodRunner.run(MainMethodRunner.java:48) [Lavalink.jar:na]
	at org.springframework.boot.loader.Launcher.launch(Launcher.java:87) [Lavalink.jar:na]
	at org.springframework.boot.loader.Launcher.launch(Launcher.java:51) [Lavalink.jar:na]
	at org.springframework.boot.loader.JarLauncher.main(JarLauncher.java:52) [Lavalink.jar:na]

2021-05-07 18:26:29.078  WARN 3112 --- [background-preinit] o.s.h.c.j.Jackson2ObjectMapperBuilder    : For Jackson Kotlin classes support please add "com.fasterxml.jackson.module:jackson-module-kotlin" to the classpath
2021-05-07 18:26:29.124 ERROR 3112 --- [main] lavalink.server.Launcher                 : Application failed

java.lang.UnsupportedClassVersionError: lavalink/server/info/AppInfo has been compiled by a more recent version of the Java Runtime (class file version 55.0), this version of the Java Runtime only recognizes class file versions up to 52.0
	at java.lang.ClassLoader.defineClass1(Native Method) ~[na:1.8.0_51]
	at java.lang.ClassLoader.defineClass(Unknown Source) ~[na:1.8.0_51]
	at java.security.SecureClassLoader.defineClass(Unknown Source) ~[na:1.8.0_51]
	at java.net.URLClassLoader.defineClass(Unknown Source) ~[na:1.8.0_51]
	at java.net.URLClassLoader.access$100(Unknown Source) ~[na:1.8.0_51]
	at java.net.URLClassLoader$1.run(Unknown Source) ~[na:1.8.0_51]
	at java.net.URLClassLoader$1.run(Unknown Source) ~[na:1.8.0_51]
	at java.security.AccessController.doPrivileged(Native Method) ~[na:1.8.0_51]
	at java.net.URLClassLoader.findClass(Unknown Source) ~[na:1.8.0_51]
	at java.lang.ClassLoader.loadClass(Unknown Source) ~[na:1.8.0_51]
	at org.springframework.boot.loader.LaunchedURLClassLoader.loadClass(LaunchedURLClassLoader.java:93) ~[Lavalink.jar:na]
	at java.lang.ClassLoader.loadClass(Unknown Source) ~[na:1.8.0_51]
	at lavalink.server.Launcher.getVersionInfo(Launcher.kt:50) [classes!/:na]
	at lavalink.server.Launcher.getVersionInfo$default(Launcher.kt:49) [classes!/:na]
	at lavalink.server.Launcher$main$1.onApplicationEvent(Launcher.kt:118) ~[classes!/:na]
	at lavalink.server.Launcher$main$1.onApplicationEvent(Launcher.kt:43) ~[classes!/:na]
	at org.springframework.context.event.SimpleApplicationEventMulticaster.doInvokeListener(SimpleApplicationEventMulticaster.java:172) ~[spring-context-5.1.9.RELEASE.jar!/:5.1.9.RELEASE]
	at org.springframework.context.event.SimpleApplicationEventMulticaster.invokeListener(SimpleApplicationEventMulticaster.java:165) ~[spring-context-5.1.9.RELEASE.jar!/:5.1.9.RELEASE]
	at org.springframework.context.event.SimpleApplicationEventMulticaster.multicastEvent(SimpleApplicationEventMulticaster.java:139) ~[spring-context-5.1.9.RELEASE.jar!/:5.1.9.RELEASE]
	at org.springframework.context.event.SimpleApplicationEventMulticaster.multicastEvent(SimpleApplicationEventMulticaster.java:127) ~[spring-context-5.1.9.RELEASE.jar!/:5.1.9.RELEASE]
	at org.springframework.boot.context.event.EventPublishingRunListener.environmentPrepared(EventPublishingRunListener.java:76) ~[spring-boot-2.1.8.RELEASE.jar!/:2.1.8.RELEASE]
	at org.springframework.boot.SpringApplicationRunListeners.environmentPrepared(SpringApplicationRunListeners.java:53) ~[spring-boot-2.1.8.RELEASE.jar!/:2.1.8.RELEASE]
	at org.springframework.boot.SpringApplication.prepareEnvironment(SpringApplication.java:342) ~[spring-boot-2.1.8.RELEASE.jar!/:2.1.8.RELEASE]
	at org.springframework.boot.SpringApplication.run(SpringApplication.java:305) ~[spring-boot-2.1.8.RELEASE.jar!/:2.1.8.RELEASE]
	at lavalink.server.Launcher.main(Launcher.kt:127) [classes!/:na]
	at sun.reflect.NativeMethodAccessorImpl.invoke0(Native Method) ~[na:1.8.0_51]
	at sun.reflect.NativeMethodAccessorImpl.invoke(Unknown Source) ~[na:1.8.0_51]
	at sun.reflect.DelegatingMethodAccessorImpl.invoke(Unknown Source) ~[na:1.8.0_51]
	at java.lang.reflect.Method.invoke(Unknown Source) ~[na:1.8.0_51]
	at org.springframework.boot.loader.MainMethodRunner.run(MainMethodRunner.java:48) [Lavalink.jar:na]
	at org.springframework.boot.loader.Launcher.launch(Launcher.java:87) [Lavalink.jar:na]
	at org.springframework.boot.loader.Launcher.launch(Launcher.java:51) [Lavalink.jar:na]
	at org.springframework.boot.loader.JarLauncher.main(JarLauncher.java:52) [Lavalink.jar:na]

2021-05-07 18:26:29.129 ERROR 3112 --- [main] o.s.boot.SpringApplication               : Application run failed

java.lang.UnsupportedClassVersionError: lavalink/server/info/AppInfo has been compiled by a more recent version of the Java Runtime (class file version 55.0), this version of the Java Runtime only recognizes class file versions up to 52.0
	at java.lang.ClassLoader.defineClass1(Native Method) ~[na:1.8.0_51]
	at java.lang.ClassLoader.defineClass(Unknown Source) ~[na:1.8.0_51]
	at java.security.SecureClassLoader.defineClass(Unknown Source) ~[na:1.8.0_51]
	at java.net.URLClassLoader.defineClass(Unknown Source) ~[na:1.8.0_51]
	at java.net.URLClassLoader.access$100(Unknown Source) ~[na:1.8.0_51]
	at java.net.URLClassLoader$1.run(Unknown Source) ~[na:1.8.0_51]
	at java.net.URLClassLoader$1.run(Unknown Source) ~[na:1.8.0_51]
	at java.security.AccessController.doPrivileged(Native Method) ~[na:1.8.0_51]
	at java.net.URLClassLoader.findClass(Unknown Source) ~[na:1.8.0_51]
	at java.lang.ClassLoader.loadClass(Unknown Source) ~[na:1.8.0_51]
	at org.springframework.boot.loader.LaunchedURLClassLoader.loadClass(LaunchedURLClassLoader.java:93) ~[Lavalink.jar:na]
	at java.lang.ClassLoader.loadClass(Unknown Source) ~[na:1.8.0_51]
	at lavalink.server.Launcher.getVersionInfo(Launcher.kt:50) [classes!/:na]
	at lavalink.server.Launcher.getVersionInfo$default(Launcher.kt:49) [classes!/:na]
	at lavalink.server.Launcher$main$1.onApplicationEvent(Launcher.kt:118) ~[classes!/:na]
	at lavalink.server.Launcher$main$1.onApplicationEvent(Launcher.kt:43) ~[classes!/:na]
	at org.springframework.context.event.SimpleApplicationEventMulticaster.doInvokeListener(SimpleApplicationEventMulticaster.java:172) ~[spring-context-5.1.9.RELEASE.jar!/:5.1.9.RELEASE]
	at org.springframework.context.event.SimpleApplicationEventMulticaster.invokeListener(SimpleApplicationEventMulticaster.java:165) ~[spring-context-5.1.9.RELEASE.jar!/:5.1.9.RELEASE]
	at org.springframework.context.event.SimpleApplicationEventMulticaster.multicastEvent(SimpleApplicationEventMulticaster.java:139) ~[spring-context-5.1.9.RELEASE.jar!/:5.1.9.RELEASE]
	at org.springframework.context.event.SimpleApplicationEventMulticaster.multicastEvent(SimpleApplicationEventMulticaster.java:127) ~[spring-context-5.1.9.RELEASE.jar!/:5.1.9.RELEASE]
	at org.springframework.boot.context.event.EventPublishingRunListener.environmentPrepared(EventPublishingRunListener.java:76) ~[spring-boot-2.1.8.RELEASE.jar!/:2.1.8.RELEASE]
	at org.springframework.boot.SpringApplicationRunListeners.environmentPrepared(SpringApplicationRunListeners.java:53) ~[spring-boot-2.1.8.RELEASE.jar!/:2.1.8.RELEASE]
	at org.springframework.boot.SpringApplication.prepareEnvironment(SpringApplication.java:342) ~[spring-boot-2.1.8.RELEASE.jar!/:2.1.8.RELEASE]
	at org.springframework.boot.SpringApplication.run(SpringApplication.java:305) ~[spring-boot-2.1.8.RELEASE.jar!/:2.1.8.RELEASE]
	at lavalink.server.Launcher.main(Launcher.kt:127) [classes!/:na]
	at sun.reflect.NativeMethodAccessorImpl.invoke0(Native Method) ~[na:1.8.0_51]
	at sun.reflect.NativeMethodAccessorImpl.invoke(Unknown Source) ~[na:1.8.0_51]
	at sun.reflect.DelegatingMethodAccessorImpl.invoke(Unknown Source) ~[na:1.8.0_51]
	at java.lang.reflect.Method.invoke(Unknown Source) ~[na:1.8.0_51]
	at org.springframework.boot.loader.MainMethodRunner.run(MainMethodRunner.java:48) [Lavalink.jar:na]
	at org.springframework.boot.loader.Launcher.launch(Launcher.java:87) [Lavalink.jar:na]
	at org.springframework.boot.loader.Launcher.launch(Launcher.java:51) [Lavalink.jar:na]
	at org.springframework.boot.loader.JarLauncher.main(JarLauncher.java:52) [Lavalink.jar:na]

2021-05-07 19:24:04.414  INFO 1388 --- [main] lavalink.server.Launcher                 : 

[32m       .  [31m _                  _ _       _    [32m__ _ _
[32m      /\\ [31m| | __ ___   ____ _| (_)_ __ | | __[32m\ \ \ \
[32m     ( ( )[31m| |/ _` \ \ / / _` | | | '_ \| |/ /[32m \ \ \ \
[32m      \\/ [31m| | (_| |\ V / (_| | | | | | |   < [32m  ) ) ) )
[32m       '  [31m|_|\__,_| \_/ \__,_|_|_|_| |_|_|\_\[32m / / / /
[0m    =========================================[32m/_/_/_/[0m

	Version:        44fcfdf945fc6cd9ce6c96480d3b7dc098897a51-SNAPSHOT
	Build:          Unofficial
	Build time:     01.04.2021 09:53:06 UTC
	Branch          dev
	Commit:         44fcfdf
	Commit time:    01.04.2021 08:19:05 UTC
	JVM:            11.0.11
	Lavaplayer      1.3.74

2021-05-07 19:24:04.849  INFO 1388 --- [main] lavalink.server.Launcher                 : Starting Launcher on DESKTOP-B955P3C with PID 1388 (E:\Work\discord-js-lavalink-Music-Bot-erela-js-music-only\Lavalink.jar started by khars in E:\Work\discord-js-lavalink-Music-Bot-erela-js-music-only)
2021-05-07 19:24:04.850  INFO 1388 --- [main] lavalink.server.Launcher                 : No active profile set, falling back to default profiles: default
2021-05-07 19:24:05.670  WARN 1388 --- [background-preinit] o.s.h.c.j.Jackson2ObjectMapperBuilder    : For Jackson Kotlin classes support please add "com.fasterxml.jackson.module:jackson-module-kotlin" to the classpath
2021-05-07 19:24:15.162  WARN 1388 --- [main] io.undertow.websockets.jsr               : UT026010: Buffer pool was not set on WebSocketDeploymentInfo, the default pool will be used
2021-05-07 19:24:15.251  INFO 1388 --- [main] io.undertow.servlet                      : Initializing Spring embedded WebApplicationContext
2021-05-07 19:24:15.252  INFO 1388 --- [main] o.s.web.context.ContextLoader            : Root WebApplicationContext: initialization completed in 10210 ms
2021-05-07 19:24:17.128  WARN 1388 --- [main] l.server.config.SentryConfiguration      : Turning off sentry
2021-05-07 19:24:18.144  INFO 1388 --- [main] c.s.d.l.tools.GarbageCollectionMonitor   : GC monitoring enabled, reporting results every 2 minutes.
2021-05-07 19:24:18.844  INFO 1388 --- [main] lavalink.server.config.KoeConfiguration  : OS: Windows 10, Arch: amd64
2021-05-07 19:24:18.845  WARN 1388 --- [main] lavalink.server.config.KoeConfiguration  : This system and architecture appears to not support native audio sending! GC pauses may cause your bot to stutter during playback.
2021-05-07 19:24:19.736  INFO 1388 --- [main] o.s.s.concurrent.ThreadPoolTaskExecutor  : Initializing ExecutorService 'applicationTaskExecutor'
2021-05-07 19:24:20.748  INFO 1388 --- [main] org.xnio                                 : XNIO version 3.3.8.Final
2021-05-07 19:24:20.784  INFO 1388 --- [main] org.xnio.nio                             : XNIO NIO Implementation Version 3.3.8.Final
2021-05-07 19:24:20.898  INFO 1388 --- [main] o.s.b.w.e.u.UndertowServletWebServer     : Undertow started on port(s) 2333 (http) with context path ''
2021-05-07 19:24:20.910  INFO 1388 --- [main] lavalink.server.Launcher                 : Started Launcher in 18.091 seconds (JVM running for 19.987)
2021-05-07 19:24:20.915  INFO 1388 --- [main] lavalink.server.Launcher                 : You can safely ignore the big red warning about illegal reflection. See https://github.com/Frederikam/Lavalink/issues/295
2021-05-07 19:24:22.459  INFO 1388 --- [XNIO-1 task-1] io.undertow.servlet                      : Initializing Spring DispatcherServlet 'dispatcherServlet'
2021-05-07 19:24:22.460  INFO 1388 --- [XNIO-1 task-1] o.s.web.servlet.DispatcherServlet        : Initializing Servlet 'dispatcherServlet'
2021-05-07 19:24:22.478  INFO 1388 --- [XNIO-1 task-1] o.s.web.servlet.DispatcherServlet        : Completed initialization in 16 ms
2021-05-07 19:24:22.582  INFO 1388 --- [XNIO-1 task-1] l.server.io.HandshakeInterceptorImpl     : Incoming connection from /127.0.0.1:60926
2021-05-07 19:24:23.040  INFO 1388 --- [XNIO-1 task-1] lavalink.server.io.SocketServer          : Connection successfully established from erela.js
2021-05-07 19:24:52.194  INFO 1388 --- [XNIO-1 I/O-2] lavalink.server.io.SocketServer          : {"op":"volume","guildId":"840197274848198696","volume":50}
2021-05-07 19:24:52.207  INFO 1388 --- [XNIO-1 I/O-2] lavalink.server.io.SocketServer          : {"op":"equalizer","guildId":"840197274848198696","bands":[{"band":0,"gain":0.25},{"band":1,"gain":0.025},{"band":2,"gain":0.0125},{"band":3,"gain":0},{"band":4,"gain":0},{"band":5,"gain":-0.0125},{"band":6,"gain":-0.025},{"band":7,"gain":-0.0175},{"band":8,"gain":0},{"band":9,"gain":0},{"band":10,"gain":0.0125},{"band":11,"gain":0.025},{"band":12,"gain":0.25},{"band":13,"gain":0.125},{"band":14,"gain":0.125}]}
2021-05-07 19:24:52.208  WARN 1388 --- [XNIO-1 I/O-2] lavalink.server.io.WebSocketHandlers     : The 'equalizer' op has been deprecated in favour of the 'filters' op. Please switch to use that one, as this op will get removed in v4.
2021-05-07 19:24:52.215  INFO 1388 --- [XNIO-1 I/O-2] lavalink.server.io.SocketServer          : {"op":"volume","guildId":"840197274848198696","volume":100}
2021-05-07 19:24:52.216  INFO 1388 --- [XNIO-1 I/O-2] lavalink.server.io.SocketServer          : {"op":"stop","guildId":"840197274848198696"}
2021-05-07 19:24:52.454  INFO 1388 --- [XNIO-1 task-2] l.server.player.AudioLoaderRestHandler   : Got request to load for identifier "ytsearch:baby"
2021-05-07 19:24:53.438  INFO 1388 --- [XNIO-1 I/O-2] lavalink.server.io.SocketServer          : {"sessionId":"b001e7f1e33a5a18afa6b5974e5d5ae5","op":"voiceUpdate","guildId":"840197274848198696","event":{"token":"75d0dd8ae5f9c63b","guild_id":"840197274848198696","endpoint":"india1069.discord.media:443"}}
2021-05-07 19:24:54.494  INFO 1388 --- [lava-daemon-pool-info-loader-2-thread-1] lavalink.server.player.AudioLoader       : Loaded playlist Search results for: baby
2021-05-07 19:24:56.028  INFO 1388 --- [XNIO-1 I/O-2] lavalink.server.io.SocketServer          : {"sessionId":"b001e7f1e33a5a18afa6b5974e5d5ae5","op":"voiceUpdate","guildId":"840197274848198696","event":{"token":"75d0dd8ae5f9c63b","guild_id":"840197274848198696","endpoint":"india1069.discord.media:443"}}
2021-05-07 19:24:56.033  INFO 1388 --- [XNIO-1 I/O-2] lavalink.server.io.SocketServer          : {"op":"play","guildId":"840197274848198696","track":"QAAAnwIAOEp1c3RpbiBCaWViZXIgLSBCYWJ5IChPZmZpY2lhbCBNdXNpYyBWaWRlbykgZnQuIEx1ZGFjcmlzAA1KdXN0aW4gQmllYmVyAAAAAAADW2AAC2tmZmFjeGZBN0c0AAEAK2h0dHBzOi8vd3d3LnlvdXR1YmUuY29tL3dhdGNoP3Y9a2ZmYWN4ZkE3RzQAB3lvdXR1YmUAAAAAAAAAAA=="}
2021-05-07 19:24:58.644  INFO 1388 --- [lava-daemon-pool-playback-1-thread-1] c.s.l.c.natives.NativeLibraryLoader      : Native library libmpg123-0: loading with filter com.sedmelluq.discord.lavaplayer.natives.ConnectorNativeLibLoader$$Lambda$574/0x000000010082e440@3efb0506
2021-05-07 19:24:58.689  INFO 1388 --- [lava-daemon-pool-playback-1-thread-1] c.s.l.c.natives.NativeLibraryLoader      : Native library libmpg123-0: successfully loaded.
2021-05-07 19:24:58.691  INFO 1388 --- [lava-daemon-pool-playback-1-thread-1] c.s.l.c.natives.NativeLibraryLoader      : Native library connector: loading with filter null
2021-05-07 19:24:58.886  INFO 1388 --- [lava-daemon-pool-playback-1-thread-1] c.s.l.c.natives.NativeLibraryLoader      : Native library connector: successfully loaded.
2021-05-07 19:25:31.873  INFO 1388 --- [XNIO-1 I/O-2] lavalink.server.io.SocketServer          : {"op":"volume","guildId":"840197274848198696","volume":0}
2021-05-07 19:25:33.031  INFO 1388 --- [XNIO-1 I/O-2] lavalink.server.io.SocketServer          : {"op":"volume","guildId":"840197274848198696","volume":50}
2021-05-07 19:25:34.284  INFO 1388 --- [XNIO-1 I/O-2] lavalink.server.io.SocketServer          : {"op":"volume","guildId":"840197274848198696","volume":0}
2021-05-07 19:25:46.366  INFO 1388 --- [XNIO-1 I/O-2] lavalink.server.io.SocketServer          : {"op":"pause","guildId":"840197274848198696","pause":true}
2021-05-07 19:25:46.370  INFO 1388 --- [XNIO-1 I/O-2] lavalink.server.io.SocketServer          : {"sessionId":"b001e7f1e33a5a18afa6b5974e5d5ae5","op":"voiceUpdate","guildId":"840197274848198696","event":{"token":"75d0dd8ae5f9c63b","guild_id":"840197274848198696","endpoint":"india1069.discord.media:443"}}
2021-05-07 19:25:46.461  INFO 1388 --- [XNIO-1 I/O-2] lavalink.server.io.SocketServer          : {"op":"destroy","guildId":"840197274848198696"}
2021-05-07 19:26:46.750  INFO 1388 --- [XNIO-1 I/O-2] lavalink.server.io.SocketServer          : {"op":"volume","guildId":"840197274848198696","volume":50}
2021-05-07 19:26:46.755  INFO 1388 --- [XNIO-1 I/O-2] lavalink.server.io.SocketServer          : {"op":"equalizer","guildId":"840197274848198696","bands":[{"band":0,"gain":0.25},{"band":1,"gain":0.025},{"band":2,"gain":0.0125},{"band":3,"gain":0},{"band":4,"gain":0},{"band":5,"gain":-0.0125},{"band":6,"gain":-0.025},{"band":7,"gain":-0.0175},{"band":8,"gain":0},{"band":9,"gain":0},{"band":10,"gain":0.0125},{"band":11,"gain":0.025},{"band":12,"gain":0.25},{"band":13,"gain":0.125},{"band":14,"gain":0.125}]}
2021-05-07 19:26:46.759  INFO 1388 --- [XNIO-1 I/O-2] lavalink.server.io.SocketServer          : {"op":"volume","guildId":"840197274848198696","volume":100}
2021-05-07 19:26:46.762  INFO 1388 --- [XNIO-1 I/O-2] lavalink.server.io.SocketServer          : {"op":"stop","guildId":"840197274848198696"}
2021-05-07 19:26:46.769  INFO 1388 --- [XNIO-1 task-4] l.server.player.AudioLoaderRestHandler   : Got request to load for identifier "ytsearch:Baby"
2021-05-07 19:26:47.347  INFO 1388 --- [XNIO-1 I/O-2] lavalink.server.io.SocketServer          : {"sessionId":"b001e7f1e33a5a18afa6b5974e5d5ae5","op":"voiceUpdate","guildId":"840197274848198696","event":{"token":"4cb751187ebad2bd","guild_id":"840197274848198696","endpoint":"india4120.discord.media:443"}}
2021-05-07 19:26:47.522  INFO 1388 --- [lava-daemon-pool-info-loader-2-thread-1] lavalink.server.player.AudioLoader       : Loaded playlist Search results for: Baby
2021-05-07 19:26:47.552  INFO 1388 --- [XNIO-1 I/O-2] lavalink.server.io.SocketServer          : {"op":"play","guildId":"840197274848198696","track":"QAAAnwIAOEp1c3RpbiBCaWViZXIgLSBCYWJ5IChPZmZpY2lhbCBNdXNpYyBWaWRlbykgZnQuIEx1ZGFjcmlzAA1KdXN0aW4gQmllYmVyAAAAAAADW2AAC2tmZmFjeGZBN0c0AAEAK2h0dHBzOi8vd3d3LnlvdXR1YmUuY29tL3dhdGNoP3Y9a2ZmYWN4ZkE3RzQAB3lvdXR1YmUAAAAAAAAAAA=="}
2021-05-07 19:26:48.258  INFO 1388 --- [XNIO-1 I/O-2] lavalink.server.io.SocketServer          : {"sessionId":"b001e7f1e33a5a18afa6b5974e5d5ae5","op":"voiceUpdate","guildId":"840197274848198696","event":{"token":"4cb751187ebad2bd","guild_id":"840197274848198696","endpoint":"india4120.discord.media:443"}}
2021-05-07 19:27:02.372  INFO 1388 --- [XNIO-1 I/O-2] lavalink.server.io.SocketServer          : {"op":"volume","guildId":"840197274848198696","volume":0}
2021-05-07 19:27:06.351  INFO 1388 --- [XNIO-1 I/O-2] lavalink.server.io.SocketServer          : {"op":"volume","guildId":"840197274848198696","volume":10}
2021-05-07 19:32:01.261  INFO 11344 --- [main] lavalink.server.Launcher                 : 

[32m       .  [31m _                  _ _       _    [32m__ _ _
[32m      /\\ [31m| | __ ___   ____ _| (_)_ __ | | __[32m\ \ \ \
[32m     ( ( )[31m| |/ _` \ \ / / _` | | | '_ \| |/ /[32m \ \ \ \
[32m      \\/ [31m| | (_| |\ V / (_| | | | | | |   < [32m  ) ) ) )
[32m       '  [31m|_|\__,_| \_/ \__,_|_|_|_| |_|_|\_\[32m / / / /
[0m    =========================================[32m/_/_/_/[0m

	Version:        44fcfdf945fc6cd9ce6c96480d3b7dc098897a51-SNAPSHOT
	Build:          Unofficial
	Build time:     01.04.2021 09:53:06 UTC
	Branch          dev
	Commit:         44fcfdf
	Commit time:    01.04.2021 08:19:05 UTC
	JVM:            11.0.11
	Lavaplayer      1.3.74

2021-05-07 19:32:01.497  INFO 11344 --- [main] lavalink.server.Launcher                 : Starting Launcher on DESKTOP-B955P3C with PID 11344 (E:\Work\discord-js-lavalink-Music-Bot-erela-js-music-only\Lavalink.jar started by khars in E:\Work\discord-js-lavalink-Music-Bot-erela-js-music-only)
2021-05-07 19:32:01.500  INFO 11344 --- [main] lavalink.server.Launcher                 : No active profile set, falling back to default profiles: default
2021-05-07 19:32:01.753  WARN 11344 --- [background-preinit] o.s.h.c.j.Jackson2ObjectMapperBuilder    : For Jackson Kotlin classes support please add "com.fasterxml.jackson.module:jackson-module-kotlin" to the classpath
2021-05-07 19:32:05.063  WARN 11344 --- [main] io.undertow.websockets.jsr               : UT026010: Buffer pool was not set on WebSocketDeploymentInfo, the default pool will be used
2021-05-07 19:32:05.126  INFO 11344 --- [main] io.undertow.servlet                      : Initializing Spring embedded WebApplicationContext
2021-05-07 19:32:05.127  INFO 11344 --- [main] o.s.web.context.ContextLoader            : Root WebApplicationContext: initialization completed in 3523 ms
2021-05-07 19:32:05.993  WARN 11344 --- [main] l.server.config.SentryConfiguration      : Turning off sentry
2021-05-07 19:32:06.766  INFO 11344 --- [main] c.s.d.l.tools.GarbageCollectionMonitor   : GC monitoring enabled, reporting results every 2 minutes.
2021-05-07 19:32:07.189  INFO 11344 --- [main] lavalink.server.config.KoeConfiguration  : OS: Windows 10, Arch: amd64
2021-05-07 19:32:07.190  WARN 11344 --- [main] lavalink.server.config.KoeConfiguration  : This system and architecture appears to not support native audio sending! GC pauses may cause your bot to stutter during playback.
2021-05-07 19:32:07.764  INFO 11344 --- [main] o.s.s.concurrent.ThreadPoolTaskExecutor  : Initializing ExecutorService 'applicationTaskExecutor'
2021-05-07 19:32:08.506  INFO 11344 --- [main] org.xnio                                 : XNIO version 3.3.8.Final
2021-05-07 19:32:08.537  INFO 11344 --- [main] org.xnio.nio                             : XNIO NIO Implementation Version 3.3.8.Final
2021-05-07 19:32:08.658  INFO 11344 --- [main] o.s.b.w.e.u.UndertowServletWebServer     : Undertow started on port(s) 2333 (http) with context path ''
2021-05-07 19:32:08.671  INFO 11344 --- [main] lavalink.server.Launcher                 : Started Launcher in 8.61 seconds (JVM running for 9.71)
2021-05-07 19:32:08.676  INFO 11344 --- [main] lavalink.server.Launcher                 : You can safely ignore the big red warning about illegal reflection. See https://github.com/Frederikam/Lavalink/issues/295
2021-05-07 19:32:11.344  INFO 11344 --- [XNIO-1 task-1] io.undertow.servlet                      : Initializing Spring DispatcherServlet 'dispatcherServlet'
2021-05-07 19:32:11.345  INFO 11344 --- [XNIO-1 task-1] o.s.web.servlet.DispatcherServlet        : Initializing Servlet 'dispatcherServlet'
2021-05-07 19:32:11.363  INFO 11344 --- [XNIO-1 task-1] o.s.web.servlet.DispatcherServlet        : Completed initialization in 14 ms
2021-05-07 19:32:11.412  INFO 11344 --- [XNIO-1 task-1] l.server.io.HandshakeInterceptorImpl     : Incoming connection from /127.0.0.1:62094
2021-05-07 19:32:11.579  INFO 11344 --- [XNIO-1 task-1] lavalink.server.io.SocketServer          : Connection successfully established from erela.js
2021-05-07 19:32:36.414  INFO 11344 --- [XNIO-1 I/O-2] lavalink.server.io.SocketServer          : {"op":"volume","guildId":"840197274848198696","volume":50}
2021-05-07 19:32:36.431  INFO 11344 --- [XNIO-1 I/O-2] lavalink.server.io.SocketServer          : {"op":"equalizer","guildId":"840197274848198696","bands":[{"band":0,"gain":0.25},{"band":1,"gain":0.025},{"band":2,"gain":0.0125},{"band":3,"gain":0},{"band":4,"gain":0},{"band":5,"gain":-0.0125},{"band":6,"gain":-0.025},{"band":7,"gain":-0.0175},{"band":8,"gain":0},{"band":9,"gain":0},{"band":10,"gain":0.0125},{"band":11,"gain":0.025},{"band":12,"gain":0.25},{"band":13,"gain":0.125},{"band":14,"gain":0.125}]}
2021-05-07 19:32:36.432  WARN 11344 --- [XNIO-1 I/O-2] lavalink.server.io.WebSocketHandlers     : The 'equalizer' op has been deprecated in favour of the 'filters' op. Please switch to use that one, as this op will get removed in v4.
2021-05-07 19:32:36.440  INFO 11344 --- [XNIO-1 I/O-2] lavalink.server.io.SocketServer          : {"op":"volume","guildId":"840197274848198696","volume":100}
2021-05-07 19:32:36.441  INFO 11344 --- [XNIO-1 I/O-2] lavalink.server.io.SocketServer          : {"op":"stop","guildId":"840197274848198696"}
2021-05-07 19:32:36.467  INFO 11344 --- [XNIO-1 task-2] l.server.player.AudioLoaderRestHandler   : Got request to load for identifier "ytsearch:baby"
2021-05-07 19:32:36.996  INFO 11344 --- [XNIO-1 I/O-2] lavalink.server.io.SocketServer          : {"sessionId":"ae55b71859fb008e61f6fc7d25bceb8d","op":"voiceUpdate","guildId":"840197274848198696","event":{"token":"b30ad9ac9c3c8706","guild_id":"840197274848198696","endpoint":"india8913.discord.media:443"}}
2021-05-07 19:32:38.145  INFO 11344 --- [lava-daemon-pool-info-loader-2-thread-1] lavalink.server.player.AudioLoader       : No matches found
2021-05-07 19:32:39.912  INFO 11344 --- [XNIO-1 I/O-2] lavalink.server.io.SocketServer          : {"sessionId":"ae55b71859fb008e61f6fc7d25bceb8d","op":"voiceUpdate","guildId":"840197274848198696","event":{"token":"b30ad9ac9c3c8706","guild_id":"840197274848198696","endpoint":"india8913.discord.media:443"}}
2021-05-07 19:33:09.125  INFO 11344 --- [XNIO-1 I/O-2] lavalink.server.io.SocketServer          : {"op":"volume","guildId":"840197274848198696","volume":110}
2021-05-07 19:33:11.781  INFO 11344 --- [XNIO-1 I/O-2] lavalink.server.io.SocketServer          : {"op":"volume","guildId":"840197274848198696","volume":120}
2021-05-07 19:33:13.579  INFO 11344 --- [XNIO-1 I/O-2] lavalink.server.io.SocketServer          : {"op":"volume","guildId":"840197274848198696","volume":130}
2021-05-07 19:33:42.768  INFO 11344 --- [XNIO-1 I/O-2] lavalink.server.io.SocketServer          : {"sessionId":"ae55b71859fb008e61f6fc7d25bceb8d","op":"voiceUpdate","guildId":"840197274848198696","event":{"token":"b30ad9ac9c3c8706","guild_id":"840197274848198696","endpoint":"india8913.discord.media:443"}}
2021-05-07 19:33:43.690  INFO 11344 --- [XNIO-1 I/O-2] lavalink.server.io.SocketServer          : {"op":"destroy","guildId":"840197274848198696"}
2021-05-07 19:34:07.028  INFO 11344 --- [XNIO-1 I/O-2] lavalink.server.io.SocketServer          : {"op":"volume","guildId":"840197274848198696","volume":50}
2021-05-07 19:34:07.037  INFO 11344 --- [XNIO-1 I/O-2] lavalink.server.io.SocketServer          : {"op":"equalizer","guildId":"840197274848198696","bands":[{"band":0,"gain":0.25},{"band":1,"gain":0.025},{"band":2,"gain":0.0125},{"band":3,"gain":0},{"band":4,"gain":0},{"band":5,"gain":-0.0125},{"band":6,"gain":-0.025},{"band":7,"gain":-0.0175},{"band":8,"gain":0},{"band":9,"gain":0},{"band":10,"gain":0.0125},{"band":11,"gain":0.025},{"band":12,"gain":0.25},{"band":13,"gain":0.125},{"band":14,"gain":0.125}]}
2021-05-07 19:34:07.039  INFO 11344 --- [XNIO-1 I/O-2] lavalink.server.io.SocketServer          : {"op":"volume","guildId":"840197274848198696","volume":100}
2021-05-07 19:34:07.040  INFO 11344 --- [XNIO-1 I/O-2] lavalink.server.io.SocketServer          : {"op":"stop","guildId":"840197274848198696"}
2021-05-07 19:34:07.043  INFO 11344 --- [XNIO-1 task-4] l.server.player.AudioLoaderRestHandler   : Got request to load for identifier "ytsearch:baby"
2021-05-07 19:34:07.645  INFO 11344 --- [XNIO-1 I/O-2] lavalink.server.io.SocketServer          : {"sessionId":"ae55b71859fb008e61f6fc7d25bceb8d","op":"voiceUpdate","guildId":"840197274848198696","event":{"token":"4f4fa55ebdd74806","guild_id":"840197274848198696","endpoint":"india1345.discord.media:443"}}
2021-05-07 19:34:07.920  INFO 11344 --- [lava-daemon-pool-info-loader-2-thread-1] lavalink.server.player.AudioLoader       : Loaded playlist Search results for: baby
2021-05-07 19:34:07.978  INFO 11344 --- [XNIO-1 I/O-2] lavalink.server.io.SocketServer          : {"op":"play","guildId":"840197274848198696","track":"QAAAnwIAOEp1c3RpbiBCaWViZXIgLSBCYWJ5IChPZmZpY2lhbCBNdXNpYyBWaWRlbykgZnQuIEx1ZGFjcmlzAA1KdXN0aW4gQmllYmVyAAAAAAADW2AAC2tmZmFjeGZBN0c0AAEAK2h0dHBzOi8vd3d3LnlvdXR1YmUuY29tL3dhdGNoP3Y9a2ZmYWN4ZkE3RzQAB3lvdXR1YmUAAAAAAAAAAA=="}
2021-05-07 19:34:08.508  INFO 11344 --- [XNIO-1 I/O-2] lavalink.server.io.SocketServer          : {"sessionId":"ae55b71859fb008e61f6fc7d25bceb8d","op":"voiceUpdate","guildId":"840197274848198696","event":{"token":"4f4fa55ebdd74806","guild_id":"840197274848198696","endpoint":"india1345.discord.media:443"}}
2021-05-07 19:34:10.097  INFO 11344 --- [lava-daemon-pool-playback-1-thread-1] c.s.l.c.natives.NativeLibraryLoader      : Native library libmpg123-0: loading with filter com.sedmelluq.discord.lavaplayer.natives.ConnectorNativeLibLoader$$Lambda$572/0x0000000100826440@ed806fc
2021-05-07 19:34:10.150  INFO 11344 --- [lava-daemon-pool-playback-1-thread-1] c.s.l.c.natives.NativeLibraryLoader      : Native library libmpg123-0: successfully loaded.
2021-05-07 19:34:10.151  INFO 11344 --- [lava-daemon-pool-playback-1-thread-1] c.s.l.c.natives.NativeLibraryLoader      : Native library connector: loading with filter null
2021-05-07 19:34:10.281  INFO 11344 --- [lava-daemon-pool-playback-1-thread-1] c.s.l.c.natives.NativeLibraryLoader      : Native library connector: successfully loaded.
2021-05-07 19:34:43.411  INFO 11344 --- [XNIO-1 I/O-2] lavalink.server.io.SocketServer          : {"op":"pause","guildId":"840197274848198696","pause":true}
2021-05-07 19:34:43.413  INFO 11344 --- [XNIO-1 I/O-2] lavalink.server.io.SocketServer          : {"op":"destroy","guildId":"840197274848198696"}
2021-05-07 19:35:19.047  INFO 11344 --- [XNIO-1 I/O-2] lavalink.server.io.SocketServer          : {"op":"volume","guildId":"840197274848198696","volume":50}
2021-05-07 19:35:19.072  INFO 11344 --- [XNIO-1 I/O-2] lavalink.server.io.SocketServer          : {"op":"equalizer","guildId":"840197274848198696","bands":[{"band":0,"gain":0.25},{"band":1,"gain":0.025},{"band":2,"gain":0.0125},{"band":3,"gain":0},{"band":4,"gain":0},{"band":5,"gain":-0.0125},{"band":6,"gain":-0.025},{"band":7,"gain":-0.0175},{"band":8,"gain":0},{"band":9,"gain":0},{"band":10,"gain":0.0125},{"band":11,"gain":0.025},{"band":12,"gain":0.25},{"band":13,"gain":0.125},{"band":14,"gain":0.125}]}
2021-05-07 19:35:19.075  INFO 11344 --- [XNIO-1 I/O-2] lavalink.server.io.SocketServer          : {"op":"volume","guildId":"840197274848198696","volume":100}
2021-05-07 19:35:19.077  INFO 11344 --- [XNIO-1 I/O-2] lavalink.server.io.SocketServer          : {"op":"stop","guildId":"840197274848198696"}
2021-05-07 19:35:19.082  INFO 11344 --- [XNIO-1 task-6] l.server.player.AudioLoaderRestHandler   : Got request to load for identifier "https://youtu.be/Qz4LC9Pmo7Y"
2021-05-07 19:35:19.667  INFO 11344 --- [XNIO-1 I/O-2] lavalink.server.io.SocketServer          : {"sessionId":"ae55b71859fb008e61f6fc7d25bceb8d","op":"voiceUpdate","guildId":"840197274848198696","event":{"token":"5f42b20e41e44639","guild_id":"840197274848198696","endpoint":"india1345.discord.media:443"}}
2021-05-07 19:35:19.856  INFO 11344 --- [lava-daemon-pool-info-loader-2-thread-1] lavalink.server.player.AudioLoader       : Loaded track Shanti People - Mahishasura Mardini (Droplex Remix)
2021-05-07 19:35:19.937  INFO 11344 --- [XNIO-1 I/O-2] lavalink.server.io.SocketServer          : {"op":"play","guildId":"840197274848198696","track":"QAAAmgIAM1NoYW50aSBQZW9wbGUgLSBNYWhpc2hhc3VyYSBNYXJkaW5pIChEcm9wbGV4IFJlbWl4KQANU2hhbnRpIFBlb3BsZQAAAAAABfNwAAtRejRMQzlQbW83WQABACtodHRwczovL3d3dy55b3V0dWJlLmNvbS93YXRjaD92PVF6NExDOVBtbzdZAAd5b3V0dWJlAAAAAAAAAAA="}
2021-05-07 19:35:20.577  INFO 11344 --- [XNIO-1 I/O-2] lavalink.server.io.SocketServer          : {"sessionId":"ae55b71859fb008e61f6fc7d25bceb8d","op":"voiceUpdate","guildId":"840197274848198696","event":{"token":"5f42b20e41e44639","guild_id":"840197274848198696","endpoint":"india1345.discord.media:443"}}
2021-05-07 19:38:12.317  INFO 3908 --- [main] lavalink.server.Launcher                 : 

[32m       .  [31m _                  _ _       _    [32m__ _ _
[32m      /\\ [31m| | __ ___   ____ _| (_)_ __ | | __[32m\ \ \ \
[32m     ( ( )[31m| |/ _` \ \ / / _` | | | '_ \| |/ /[32m \ \ \ \
[32m      \\/ [31m| | (_| |\ V / (_| | | | | | |   < [32m  ) ) ) )
[32m       '  [31m|_|\__,_| \_/ \__,_|_|_|_| |_|_|\_\[32m / / / /
[0m    =========================================[32m/_/_/_/[0m

	Version:        44fcfdf945fc6cd9ce6c96480d3b7dc098897a51-SNAPSHOT
	Build:          Unofficial
	Build time:     01.04.2021 09:53:06 UTC
	Branch          dev
	Commit:         44fcfdf
	Commit time:    01.04.2021 08:19:05 UTC
	JVM:            11.0.11
	Lavaplayer      1.3.74

2021-05-07 19:38:12.556  INFO 3908 --- [main] lavalink.server.Launcher                 : Starting Launcher on DESKTOP-B955P3C with PID 3908 (E:\Work\discord-js-lavalink-Music-Bot-erela-js-music-only\Lavalink.jar started by khars in E:\Work\discord-js-lavalink-Music-Bot-erela-js-music-only)
2021-05-07 19:38:12.557  INFO 3908 --- [main] lavalink.server.Launcher                 : No active profile set, falling back to default profiles: default
2021-05-07 19:38:12.870  WARN 3908 --- [background-preinit] o.s.h.c.j.Jackson2ObjectMapperBuilder    : For Jackson Kotlin classes support please add "com.fasterxml.jackson.module:jackson-module-kotlin" to the classpath
2021-05-07 19:38:16.420  WARN 3908 --- [main] io.undertow.websockets.jsr               : UT026010: Buffer pool was not set on WebSocketDeploymentInfo, the default pool will be used
2021-05-07 19:38:16.481  INFO 3908 --- [main] io.undertow.servlet                      : Initializing Spring embedded WebApplicationContext
2021-05-07 19:38:16.482  INFO 3908 --- [main] o.s.web.context.ContextLoader            : Root WebApplicationContext: initialization completed in 3811 ms
2021-05-07 19:38:17.435  WARN 3908 --- [main] l.server.config.SentryConfiguration      : Turning off sentry
2021-05-07 19:38:18.076  INFO 3908 --- [main] c.s.d.l.tools.GarbageCollectionMonitor   : GC monitoring enabled, reporting results every 2 minutes.
2021-05-07 19:38:18.469  INFO 3908 --- [main] lavalink.server.config.KoeConfiguration  : OS: Windows 10, Arch: amd64
2021-05-07 19:38:18.469  WARN 3908 --- [main] lavalink.server.config.KoeConfiguration  : This system and architecture appears to not support native audio sending! GC pauses may cause your bot to stutter during playback.
2021-05-07 19:38:19.107  INFO 3908 --- [main] o.s.s.concurrent.ThreadPoolTaskExecutor  : Initializing ExecutorService 'applicationTaskExecutor'
2021-05-07 19:38:19.963  INFO 3908 --- [main] org.xnio                                 : XNIO version 3.3.8.Final
2021-05-07 19:38:19.997  INFO 3908 --- [main] org.xnio.nio                             : XNIO NIO Implementation Version 3.3.8.Final
2021-05-07 19:38:20.117  INFO 3908 --- [main] o.s.b.w.e.u.UndertowServletWebServer     : Undertow started on port(s) 2333 (http) with context path ''
2021-05-07 19:38:20.128  INFO 3908 --- [main] lavalink.server.Launcher                 : Started Launcher in 9.085 seconds (JVM running for 10.216)
2021-05-07 19:38:20.135  INFO 3908 --- [main] lavalink.server.Launcher                 : You can safely ignore the big red warning about illegal reflection. See https://github.com/Frederikam/Lavalink/issues/295
2021-05-07 19:38:49.013  INFO 3908 --- [XNIO-1 task-1] io.undertow.servlet                      : Initializing Spring DispatcherServlet 'dispatcherServlet'
2021-05-07 19:38:49.014  INFO 3908 --- [XNIO-1 task-1] o.s.web.servlet.DispatcherServlet        : Initializing Servlet 'dispatcherServlet'
2021-05-07 19:38:49.031  INFO 3908 --- [XNIO-1 task-1] o.s.web.servlet.DispatcherServlet        : Completed initialization in 15 ms
2021-05-07 19:38:49.079  INFO 3908 --- [XNIO-1 task-1] l.server.io.HandshakeInterceptorImpl     : Incoming connection from /127.0.0.1:63118
2021-05-07 19:38:49.248  INFO 3908 --- [XNIO-1 task-1] lavalink.server.io.SocketServer          : Connection successfully established from erela.js
2021-05-07 19:39:05.778  INFO 3908 --- [XNIO-1 I/O-2] lavalink.server.io.SocketServer          : {"op":"volume","guildId":"840197274848198696","volume":50}
2021-05-07 19:39:05.800  INFO 3908 --- [XNIO-1 I/O-2] lavalink.server.io.SocketServer          : {"op":"equalizer","guildId":"840197274848198696","bands":[{"band":0,"gain":0.25},{"band":1,"gain":0.025},{"band":2,"gain":0.0125},{"band":3,"gain":0},{"band":4,"gain":0},{"band":5,"gain":-0.0125},{"band":6,"gain":-0.025},{"band":7,"gain":-0.0175},{"band":8,"gain":0},{"band":9,"gain":0},{"band":10,"gain":0.0125},{"band":11,"gain":0.025},{"band":12,"gain":0.25},{"band":13,"gain":0.125},{"band":14,"gain":0.125}]}
2021-05-07 19:39:05.803  WARN 3908 --- [XNIO-1 I/O-2] lavalink.server.io.WebSocketHandlers     : The 'equalizer' op has been deprecated in favour of the 'filters' op. Please switch to use that one, as this op will get removed in v4.
2021-05-07 19:39:05.811  INFO 3908 --- [XNIO-1 I/O-2] lavalink.server.io.SocketServer          : {"op":"volume","guildId":"840197274848198696","volume":100}
2021-05-07 19:39:05.814  INFO 3908 --- [XNIO-1 I/O-2] lavalink.server.io.SocketServer          : {"op":"stop","guildId":"840197274848198696"}
2021-05-07 19:39:05.844  INFO 3908 --- [XNIO-1 task-2] l.server.player.AudioLoaderRestHandler   : Got request to load for identifier "ytsearch:mahishasura mardini remix"
2021-05-07 19:39:06.447  INFO 3908 --- [XNIO-1 I/O-2] lavalink.server.io.SocketServer          : {"sessionId":"1aeba47fd4496d4eef6dc7870318f337","op":"voiceUpdate","guildId":"840197274848198696","event":{"token":"31dbcf8ee268fda6","guild_id":"840197274848198696","endpoint":"india5661.discord.media:443"}}
2021-05-07 19:39:07.734  INFO 3908 --- [lava-daemon-pool-info-loader-2-thread-1] lavalink.server.player.AudioLoader       : Loaded playlist Search results for: mahishasura mardini remix
2021-05-07 19:39:08.811  INFO 3908 --- [XNIO-1 I/O-2] lavalink.server.io.SocketServer          : {"sessionId":"1aeba47fd4496d4eef6dc7870318f337","op":"voiceUpdate","guildId":"840197274848198696","event":{"token":"31dbcf8ee268fda6","guild_id":"840197274848198696","endpoint":"india5661.discord.media:443"}}
2021-05-07 19:39:08.816  INFO 3908 --- [XNIO-1 I/O-2] lavalink.server.io.SocketServer          : {"op":"play","guildId":"840197274848198696","track":"QAAAmgIAM1NoYW50aSBQZW9wbGUgLSBNYWhpc2hhc3VyYSBNYXJkaW5pIChEcm9wbGV4IFJlbWl4KQANU2hhbnRpIFBlb3BsZQAAAAAABfdYAAtRejRMQzlQbW83WQABACtodHRwczovL3d3dy55b3V0dWJlLmNvbS93YXRjaD92PVF6NExDOVBtbzdZAAd5b3V0dWJlAAAAAAAAAAA="}
2021-05-07 19:39:10.794  INFO 3908 --- [lava-daemon-pool-playback-1-thread-1] c.s.l.c.natives.NativeLibraryLoader      : Native library libmpg123-0: loading with filter com.sedmelluq.discord.lavaplayer.natives.ConnectorNativeLibLoader$$Lambda$570/0x000000010082f440@1e8d8ca5
2021-05-07 19:39:10.829  INFO 3908 --- [lava-daemon-pool-playback-1-thread-1] c.s.l.c.natives.NativeLibraryLoader      : Native library libmpg123-0: successfully loaded.
2021-05-07 19:39:10.831  INFO 3908 --- [lava-daemon-pool-playback-1-thread-1] c.s.l.c.natives.NativeLibraryLoader      : Native library connector: loading with filter null
2021-05-07 19:39:10.919  INFO 3908 --- [lava-daemon-pool-playback-1-thread-1] c.s.l.c.natives.NativeLibraryLoader      : Native library connector: successfully loaded.
2021-05-07 19:46:03.232  INFO 3908 --- [XNIO-1 task-4] l.server.player.AudioLoaderRestHandler   : Got request to load for identifier "ytsearch:BABY"
2021-05-07 19:46:04.266  INFO 3908 --- [lava-daemon-pool-info-loader-2-thread-1] lavalink.server.player.AudioLoader       : Loaded playlist Search results for: BABY
2021-05-07 19:46:04.296  INFO 3908 --- [XNIO-1 I/O-2] lavalink.server.io.SocketServer          : {"op":"play","guildId":"840197274848198696","track":"QAAAnwIAOEp1c3RpbiBCaWViZXIgLSBCYWJ5IChPZmZpY2lhbCBNdXNpYyBWaWRlbykgZnQuIEx1ZGFjcmlzAA1KdXN0aW4gQmllYmVyAAAAAAADW2AAC2tmZmFjeGZBN0c0AAEAK2h0dHBzOi8vd3d3LnlvdXR1YmUuY29tL3dhdGNoP3Y9a2ZmYWN4ZkE3RzQAB3lvdXR1YmUAAAAAAAAAAA=="}
2021-05-07 19:46:12.510  INFO 3908 --- [XNIO-1 I/O-2] lavalink.server.io.SocketServer          : {"op":"volume","guildId":"840197274848198696","volume":90}
2021-05-07 19:46:15.817  INFO 3908 --- [XNIO-1 I/O-2] lavalink.server.io.SocketServer          : {"op":"volume","guildId":"840197274848198696","volume":80}
2021-05-07 19:46:48.615  INFO 3908 --- [XNIO-1 I/O-2] lavalink.server.io.SocketServer          : {"op":"pause","guildId":"840197274848198696","pause":true}
2021-05-07 19:46:48.618  INFO 3908 --- [XNIO-1 I/O-2] lavalink.server.io.SocketServer          : {"op":"destroy","guildId":"840197274848198696"}
2021-05-07 19:47:42.367  INFO 3908 --- [XNIO-1 I/O-2] lavalink.server.io.SocketServer          : Connection closed from /127.0.0.1:63118 -- CloseStatus[code=1006, reason=]
2021-05-07 19:47:42.368  INFO 3908 --- [XNIO-1 I/O-2] lavalink.server.io.SocketContext         : Shutting down 0 playing players.
2021-05-07 19:48:35.131  INFO 12172 --- [main] lavalink.server.Launcher                 : 

[32m       .  [31m _                  _ _       _    [32m__ _ _
[32m      /\\ [31m| | __ ___   ____ _| (_)_ __ | | __[32m\ \ \ \
[32m     ( ( )[31m| |/ _` \ \ / / _` | | | '_ \| |/ /[32m \ \ \ \
[32m      \\/ [31m| | (_| |\ V / (_| | | | | | |   < [32m  ) ) ) )
[32m       '  [31m|_|\__,_| \_/ \__,_|_|_|_| |_|_|\_\[32m / / / /
[0m    =========================================[32m/_/_/_/[0m

	Version:        44fcfdf945fc6cd9ce6c96480d3b7dc098897a51-SNAPSHOT
	Build:          Unofficial
	Build time:     01.04.2021 09:53:06 UTC
	Branch          dev
	Commit:         44fcfdf
	Commit time:    01.04.2021 08:19:05 UTC
	JVM:            11.0.11
	Lavaplayer      1.3.74

2021-05-07 19:48:35.394  INFO 12172 --- [main] lavalink.server.Launcher                 : Starting Launcher on DESKTOP-B955P3C with PID 12172 (E:\Work\discord-js-lavalink-Music-Bot-erela-js-music-only\Lavalink.jar started by khars in E:\Work\discord-js-lavalink-Music-Bot-erela-js-music-only)
2021-05-07 19:48:35.400  INFO 12172 --- [main] lavalink.server.Launcher                 : No active profile set, falling back to default profiles: default
2021-05-07 19:48:35.802  WARN 12172 --- [background-preinit] o.s.h.c.j.Jackson2ObjectMapperBuilder    : For Jackson Kotlin classes support please add "com.fasterxml.jackson.module:jackson-module-kotlin" to the classpath
2021-05-07 19:48:40.181  WARN 12172 --- [main] io.undertow.websockets.jsr               : UT026010: Buffer pool was not set on WebSocketDeploymentInfo, the default pool will be used
2021-05-07 19:48:40.240  INFO 12172 --- [main] io.undertow.servlet                      : Initializing Spring embedded WebApplicationContext
2021-05-07 19:48:40.240  INFO 12172 --- [main] o.s.web.context.ContextLoader            : Root WebApplicationContext: initialization completed in 4682 ms
2021-05-07 19:48:41.120  WARN 12172 --- [main] l.server.config.SentryConfiguration      : Turning off sentry
2021-05-07 19:48:41.904  INFO 12172 --- [main] c.s.d.l.tools.GarbageCollectionMonitor   : GC monitoring enabled, reporting results every 2 minutes.
2021-05-07 19:48:42.328  INFO 12172 --- [main] lavalink.server.config.KoeConfiguration  : OS: Windows 10, Arch: amd64
2021-05-07 19:48:42.333  WARN 12172 --- [main] lavalink.server.config.KoeConfiguration  : This system and architecture appears to not support native audio sending! GC pauses may cause your bot to stutter during playback.
2021-05-07 19:48:43.075  INFO 12172 --- [main] o.s.s.concurrent.ThreadPoolTaskExecutor  : Initializing ExecutorService 'applicationTaskExecutor'
2021-05-07 19:48:43.728  INFO 12172 --- [main] org.xnio                                 : XNIO version 3.3.8.Final
2021-05-07 19:48:43.755  INFO 12172 --- [main] org.xnio.nio                             : XNIO NIO Implementation Version 3.3.8.Final
2021-05-07 19:48:43.914  INFO 12172 --- [main] o.s.b.w.e.u.UndertowServletWebServer     : Undertow started on port(s) 2333 (http) with context path ''
2021-05-07 19:48:43.928  INFO 12172 --- [main] lavalink.server.Launcher                 : Started Launcher in 10.193 seconds (JVM running for 11.291)
2021-05-07 19:48:43.934  INFO 12172 --- [main] lavalink.server.Launcher                 : You can safely ignore the big red warning about illegal reflection. See https://github.com/Frederikam/Lavalink/issues/295
2021-05-07 19:48:44.565  INFO 12172 --- [XNIO-1 task-1] io.undertow.servlet                      : Initializing Spring DispatcherServlet 'dispatcherServlet'
2021-05-07 19:48:44.566  INFO 12172 --- [XNIO-1 task-1] o.s.web.servlet.DispatcherServlet        : Initializing Servlet 'dispatcherServlet'
2021-05-07 19:48:44.582  INFO 12172 --- [XNIO-1 task-1] o.s.web.servlet.DispatcherServlet        : Completed initialization in 14 ms
2021-05-07 19:48:44.632  INFO 12172 --- [XNIO-1 task-1] l.server.io.HandshakeInterceptorImpl     : Incoming connection from /127.0.0.1:64376
2021-05-07 19:48:44.780  INFO 12172 --- [XNIO-1 task-1] lavalink.server.io.SocketServer          : Connection successfully established from erela.js
2021-05-07 19:49:05.644  INFO 12172 --- [XNIO-1 I/O-4] lavalink.server.io.SocketServer          : {"op":"volume","guildId":"840197274848198696","volume":50}
2021-05-07 19:49:05.664  INFO 12172 --- [XNIO-1 I/O-4] lavalink.server.io.SocketServer          : {"op":"equalizer","guildId":"840197274848198696","bands":[{"band":0,"gain":0.25},{"band":1,"gain":0.025},{"band":2,"gain":0.0125},{"band":3,"gain":0},{"band":4,"gain":0},{"band":5,"gain":-0.0125},{"band":6,"gain":-0.025},{"band":7,"gain":-0.0175},{"band":8,"gain":0},{"band":9,"gain":0},{"band":10,"gain":0.0125},{"band":11,"gain":0.025},{"band":12,"gain":0.25},{"band":13,"gain":0.125},{"band":14,"gain":0.125}]}
2021-05-07 19:49:05.667  WARN 12172 --- [XNIO-1 I/O-4] lavalink.server.io.WebSocketHandlers     : The 'equalizer' op has been deprecated in favour of the 'filters' op. Please switch to use that one, as this op will get removed in v4.
2021-05-07 19:49:05.678  INFO 12172 --- [XNIO-1 I/O-4] lavalink.server.io.SocketServer          : {"op":"volume","guildId":"840197274848198696","volume":100}
2021-05-07 19:49:05.680  INFO 12172 --- [XNIO-1 I/O-4] lavalink.server.io.SocketServer          : {"op":"stop","guildId":"840197274848198696"}
2021-05-07 19:49:05.728  INFO 12172 --- [XNIO-1 task-2] l.server.player.AudioLoaderRestHandler   : Got request to load for identifier "ytsearch:baby"
2021-05-07 19:49:06.264  INFO 12172 --- [XNIO-1 I/O-4] lavalink.server.io.SocketServer          : {"sessionId":"4124f54755aee43a081f58ea473fe60b","op":"voiceUpdate","guildId":"840197274848198696","event":{"token":"5fd547d5e8eba54d","guild_id":"840197274848198696","endpoint":"india5661.discord.media:443"}}
2021-05-07 19:49:07.719  INFO 12172 --- [lava-daemon-pool-info-loader-2-thread-1] lavalink.server.player.AudioLoader       : Loaded playlist Search results for: baby
2021-05-07 19:49:08.981  INFO 12172 --- [XNIO-1 I/O-4] lavalink.server.io.SocketServer          : {"sessionId":"4124f54755aee43a081f58ea473fe60b","op":"voiceUpdate","guildId":"840197274848198696","event":{"token":"5fd547d5e8eba54d","guild_id":"840197274848198696","endpoint":"india5661.discord.media:443"}}
2021-05-07 19:49:09.012  INFO 12172 --- [XNIO-1 I/O-4] lavalink.server.io.SocketServer          : {"op":"play","guildId":"840197274848198696","track":"QAAAnwIAOEp1c3RpbiBCaWViZXIgLSBCYWJ5IChPZmZpY2lhbCBNdXNpYyBWaWRlbykgZnQuIEx1ZGFjcmlzAA1KdXN0aW4gQmllYmVyAAAAAAADW2AAC2tmZmFjeGZBN0c0AAEAK2h0dHBzOi8vd3d3LnlvdXR1YmUuY29tL3dhdGNoP3Y9a2ZmYWN4ZkE3RzQAB3lvdXR1YmUAAAAAAAAAAA=="}
2021-05-07 19:49:11.144  INFO 12172 --- [lava-daemon-pool-playback-1-thread-1] c.s.l.c.natives.NativeLibraryLoader      : Native library libmpg123-0: loading with filter com.sedmelluq.discord.lavaplayer.natives.ConnectorNativeLibLoader$$Lambda$568/0x000000010082f440@18de5eaa
2021-05-07 19:49:11.320  INFO 12172 --- [lava-daemon-pool-playback-1-thread-1] c.s.l.c.natives.NativeLibraryLoader      : Native library libmpg123-0: successfully loaded.
2021-05-07 19:49:11.322  INFO 12172 --- [lava-daemon-pool-playback-1-thread-1] c.s.l.c.natives.NativeLibraryLoader      : Native library connector: loading with filter null
2021-05-07 19:49:11.399  INFO 12172 --- [lava-daemon-pool-playback-1-thread-1] c.s.l.c.natives.NativeLibraryLoader      : Native library connector: successfully loaded.
2021-05-07 19:49:15.910  INFO 12172 --- [XNIO-1 I/O-4] lavalink.server.io.SocketServer          : {"op":"pause","guildId":"840197274848198696","pause":true}
2021-05-07 19:49:15.913  INFO 12172 --- [XNIO-1 I/O-4] lavalink.server.io.SocketServer          : {"op":"destroy","guildId":"840197274848198696"}
2021-05-07 19:55:44.650  INFO 12172 --- [XNIO-1 I/O-4] lavalink.server.io.SocketServer          : Connection closed from /127.0.0.1:64376 -- CloseStatus[code=1006, reason=]
2021-05-07 19:55:44.652  INFO 12172 --- [XNIO-1 I/O-4] lavalink.server.io.SocketContext         : Shutting down 0 playing players.
2021-05-07 19:56:10.945  INFO 9440 --- [main] lavalink.server.Launcher                 : 

[32m       .  [31m _                  _ _       _    [32m__ _ _
[32m      /\\ [31m| | __ ___   ____ _| (_)_ __ | | __[32m\ \ \ \
[32m     ( ( )[31m| |/ _` \ \ / / _` | | | '_ \| |/ /[32m \ \ \ \
[32m      \\/ [31m| | (_| |\ V / (_| | | | | | |   < [32m  ) ) ) )
[32m       '  [31m|_|\__,_| \_/ \__,_|_|_|_| |_|_|\_\[32m / / / /
[0m    =========================================[32m/_/_/_/[0m

	Version:        44fcfdf945fc6cd9ce6c96480d3b7dc098897a51-SNAPSHOT
	Build:          Unofficial
	Build time:     01.04.2021 09:53:06 UTC
	Branch          dev
	Commit:         44fcfdf
	Commit time:    01.04.2021 08:19:05 UTC
	JVM:            11.0.11
	Lavaplayer      1.3.74

2021-05-07 19:56:11.171  INFO 9440 --- [main] lavalink.server.Launcher                 : Starting Launcher on DESKTOP-B955P3C with PID 9440 (E:\Work\discord-js-lavalink-Music-Bot-erela-js-music-only\Lavalink.jar started by khars in E:\Work\discord-js-lavalink-Music-Bot-erela-js-music-only)
2021-05-07 19:56:11.186  INFO 9440 --- [main] lavalink.server.Launcher                 : No active profile set, falling back to default profiles: default
2021-05-07 19:56:11.471  WARN 9440 --- [background-preinit] o.s.h.c.j.Jackson2ObjectMapperBuilder    : For Jackson Kotlin classes support please add "com.fasterxml.jackson.module:jackson-module-kotlin" to the classpath
2021-05-07 19:56:15.085  WARN 9440 --- [main] io.undertow.websockets.jsr               : UT026010: Buffer pool was not set on WebSocketDeploymentInfo, the default pool will be used
2021-05-07 19:56:15.209  INFO 9440 --- [main] io.undertow.servlet                      : Initializing Spring embedded WebApplicationContext
2021-05-07 19:56:15.211  INFO 9440 --- [main] o.s.web.context.ContextLoader            : Root WebApplicationContext: initialization completed in 3911 ms
2021-05-07 19:56:16.147  WARN 9440 --- [main] l.server.config.SentryConfiguration      : Turning off sentry
2021-05-07 19:56:16.888  INFO 9440 --- [main] c.s.d.l.tools.GarbageCollectionMonitor   : GC monitoring enabled, reporting results every 2 minutes.
2021-05-07 19:56:17.424  INFO 9440 --- [main] lavalink.server.config.KoeConfiguration  : OS: Windows 10, Arch: amd64
2021-05-07 19:56:17.425  WARN 9440 --- [main] lavalink.server.config.KoeConfiguration  : This system and architecture appears to not support native audio sending! GC pauses may cause your bot to stutter during playback.
2021-05-07 19:56:17.984  INFO 9440 --- [main] o.s.s.concurrent.ThreadPoolTaskExecutor  : Initializing ExecutorService 'applicationTaskExecutor'
2021-05-07 19:56:18.661  INFO 9440 --- [main] org.xnio                                 : XNIO version 3.3.8.Final
2021-05-07 19:56:18.686  INFO 9440 --- [main] org.xnio.nio                             : XNIO NIO Implementation Version 3.3.8.Final
2021-05-07 19:56:18.805  INFO 9440 --- [main] o.s.b.w.e.u.UndertowServletWebServer     : Undertow started on port(s) 2333 (http) with context path ''
2021-05-07 19:56:18.815  INFO 9440 --- [main] lavalink.server.Launcher                 : Started Launcher in 9.064 seconds (JVM running for 10.172)
2021-05-07 19:56:18.820  INFO 9440 --- [main] lavalink.server.Launcher                 : You can safely ignore the big red warning about illegal reflection. See https://github.com/Frederikam/Lavalink/issues/295
2021-05-07 19:56:48.005  INFO 9440 --- [XNIO-1 task-1] io.undertow.servlet                      : Initializing Spring DispatcherServlet 'dispatcherServlet'
2021-05-07 19:56:52.109  INFO 9440 --- [XNIO-1 task-1] o.s.web.servlet.DispatcherServlet        : Initializing Servlet 'dispatcherServlet'
2021-05-07 19:56:52.126  INFO 9440 --- [XNIO-1 task-1] o.s.web.servlet.DispatcherServlet        : Completed initialization in 16 ms
2021-05-07 19:56:52.174  INFO 9440 --- [XNIO-1 task-1] l.server.io.HandshakeInterceptorImpl     : Incoming connection from /127.0.0.1:49550
2021-05-07 19:56:52.339  INFO 9440 --- [XNIO-1 task-1] lavalink.server.io.SocketServer          : Connection successfully established from erela.js
2021-05-07 19:58:35.062  INFO 9440 --- [XNIO-1 I/O-2] lavalink.server.io.SocketServer          : {"op":"volume","guildId":"839485417653141545","volume":50}
2021-05-07 19:58:35.078  INFO 9440 --- [XNIO-1 I/O-2] lavalink.server.io.SocketServer          : {"op":"equalizer","guildId":"839485417653141545","bands":[{"band":0,"gain":0.25},{"band":1,"gain":0.025},{"band":2,"gain":0.0125},{"band":3,"gain":0},{"band":4,"gain":0},{"band":5,"gain":-0.0125},{"band":6,"gain":-0.025},{"band":7,"gain":-0.0175},{"band":8,"gain":0},{"band":9,"gain":0},{"band":10,"gain":0.0125},{"band":11,"gain":0.025},{"band":12,"gain":0.25},{"band":13,"gain":0.125},{"band":14,"gain":0.125}]}
2021-05-07 19:58:35.079  WARN 9440 --- [XNIO-1 I/O-2] lavalink.server.io.WebSocketHandlers     : The 'equalizer' op has been deprecated in favour of the 'filters' op. Please switch to use that one, as this op will get removed in v4.
2021-05-07 19:58:35.085  INFO 9440 --- [XNIO-1 I/O-2] lavalink.server.io.SocketServer          : {"op":"volume","guildId":"839485417653141545","volume":100}
2021-05-07 19:58:35.086  INFO 9440 --- [XNIO-1 I/O-2] lavalink.server.io.SocketServer          : {"op":"stop","guildId":"839485417653141545"}
2021-05-07 19:58:35.111  INFO 9440 --- [XNIO-1 task-2] l.server.player.AudioLoaderRestHandler   : Got request to load for identifier "ytsearch:sarena safari"
2021-05-07 19:58:35.379  INFO 9440 --- [XNIO-1 I/O-2] lavalink.server.io.SocketServer          : {"op":"destroy","guildId":"839485417653141545"}
2021-05-07 19:58:36.945  INFO 9440 --- [lava-daemon-pool-info-loader-2-thread-1] lavalink.server.player.AudioLoader       : Loaded playlist Search results for: sarena safari
2021-05-07 20:01:07.276  INFO 9440 --- [XNIO-1 I/O-2] lavalink.server.io.SocketServer          : Connection closed from /127.0.0.1:49550 -- CloseStatus[code=1006, reason=]
2021-05-07 20:01:07.277  INFO 9440 --- [XNIO-1 I/O-2] lavalink.server.io.SocketContext         : Shutting down 0 playing players.
2021-05-07 20:23:05.226  INFO 4824 --- [main] lavalink.server.Launcher                 : 

[32m       .  [31m _                  _ _       _    [32m__ _ _
[32m      /\\ [31m| | __ ___   ____ _| (_)_ __ | | __[32m\ \ \ \
[32m     ( ( )[31m| |/ _` \ \ / / _` | | | '_ \| |/ /[32m \ \ \ \
[32m      \\/ [31m| | (_| |\ V / (_| | | | | | |   < [32m  ) ) ) )
[32m       '  [31m|_|\__,_| \_/ \__,_|_|_|_| |_|_|\_\[32m / / / /
[0m    =========================================[32m/_/_/_/[0m

	Version:        44fcfdf945fc6cd9ce6c96480d3b7dc098897a51-SNAPSHOT
	Build:          Unofficial
	Build time:     01.04.2021 09:53:06 UTC
	Branch          dev
	Commit:         44fcfdf
	Commit time:    01.04.2021 08:19:05 UTC
	JVM:            11.0.11
	Lavaplayer      1.3.74

2021-05-07 20:23:05.451  INFO 4824 --- [main] lavalink.server.Launcher                 : Starting Launcher on DESKTOP-B955P3C with PID 4824 (E:\Work\discord-js-lavalink-Music-Bot-erela-js-music-only\Lavalink.jar started by khars in E:\Work\discord-js-lavalink-Music-Bot-erela-js-music-only)
2021-05-07 20:23:05.452  INFO 4824 --- [main] lavalink.server.Launcher                 : No active profile set, falling back to default profiles: default
2021-05-07 20:23:05.716  WARN 4824 --- [background-preinit] o.s.h.c.j.Jackson2ObjectMapperBuilder    : For Jackson Kotlin classes support please add "com.fasterxml.jackson.module:jackson-module-kotlin" to the classpath
2021-05-07 20:23:09.060  WARN 4824 --- [main] io.undertow.websockets.jsr               : UT026010: Buffer pool was not set on WebSocketDeploymentInfo, the default pool will be used
2021-05-07 20:23:09.128  INFO 4824 --- [main] io.undertow.servlet                      : Initializing Spring embedded WebApplicationContext
2021-05-07 20:23:09.129  INFO 4824 --- [main] o.s.web.context.ContextLoader            : Root WebApplicationContext: initialization completed in 3575 ms
2021-05-07 20:23:10.064  WARN 4824 --- [main] l.server.config.SentryConfiguration      : Turning off sentry
2021-05-07 20:23:10.673  INFO 4824 --- [main] c.s.d.l.tools.GarbageCollectionMonitor   : GC monitoring enabled, reporting results every 2 minutes.
2021-05-07 20:23:11.061  INFO 4824 --- [main] lavalink.server.config.KoeConfiguration  : OS: Windows 10, Arch: amd64
2021-05-07 20:23:11.062  WARN 4824 --- [main] lavalink.server.config.KoeConfiguration  : This system and architecture appears to not support native audio sending! GC pauses may cause your bot to stutter during playback.
2021-05-07 20:23:11.583  INFO 4824 --- [main] o.s.s.concurrent.ThreadPoolTaskExecutor  : Initializing ExecutorService 'applicationTaskExecutor'
2021-05-07 20:23:12.301  INFO 4824 --- [main] org.xnio                                 : XNIO version 3.3.8.Final
2021-05-07 20:23:12.329  INFO 4824 --- [main] org.xnio.nio                             : XNIO NIO Implementation Version 3.3.8.Final
2021-05-07 20:23:12.444  INFO 4824 --- [main] o.s.b.w.e.u.UndertowServletWebServer     : Undertow started on port(s) 2333 (http) with context path ''
2021-05-07 20:23:12.467  INFO 4824 --- [main] lavalink.server.Launcher                 : Started Launcher in 8.488 seconds (JVM running for 9.564)
2021-05-07 20:23:12.472  INFO 4824 --- [main] lavalink.server.Launcher                 : You can safely ignore the big red warning about illegal reflection. See https://github.com/Frederikam/Lavalink/issues/295
2021-05-07 20:23:42.404  INFO 4824 --- [XNIO-1 task-1] io.undertow.servlet                      : Initializing Spring DispatcherServlet 'dispatcherServlet'
2021-05-07 20:23:42.405  INFO 4824 --- [XNIO-1 task-1] o.s.web.servlet.DispatcherServlet        : Initializing Servlet 'dispatcherServlet'
2021-05-07 20:23:42.421  INFO 4824 --- [XNIO-1 task-1] o.s.web.servlet.DispatcherServlet        : Completed initialization in 14 ms
2021-05-07 20:23:42.469  INFO 4824 --- [XNIO-1 task-1] l.server.io.HandshakeInterceptorImpl     : Incoming connection from /127.0.0.1:56954
2021-05-07 20:23:42.618  INFO 4824 --- [XNIO-1 task-1] lavalink.server.io.SocketServer          : Connection successfully established from erela.js
2021-05-07 20:24:41.474  INFO 4824 --- [XNIO-1 I/O-2] lavalink.server.io.SocketServer          : Connection closed from /127.0.0.1:56954 -- CloseStatus[code=1006, reason=]
2021-05-07 20:24:41.476  INFO 4824 --- [XNIO-1 I/O-2] lavalink.server.io.SocketContext         : Shutting down 0 playing players.
2021-05-07 20:31:41.651  INFO 11380 --- [main] lavalink.server.Launcher                 : 

[32m       .  [31m _                  _ _       _    [32m__ _ _
[32m      /\\ [31m| | __ ___   ____ _| (_)_ __ | | __[32m\ \ \ \
[32m     ( ( )[31m| |/ _` \ \ / / _` | | | '_ \| |/ /[32m \ \ \ \
[32m      \\/ [31m| | (_| |\ V / (_| | | | | | |   < [32m  ) ) ) )
[32m       '  [31m|_|\__,_| \_/ \__,_|_|_|_| |_|_|\_\[32m / / / /
[0m    =========================================[32m/_/_/_/[0m

	Version:        44fcfdf945fc6cd9ce6c96480d3b7dc098897a51-SNAPSHOT
	Build:          Unofficial
	Build time:     01.04.2021 09:53:06 UTC
	Branch          dev
	Commit:         44fcfdf
	Commit time:    01.04.2021 08:19:05 UTC
	JVM:            11.0.11
	Lavaplayer      1.3.74

2021-05-07 20:31:41.876  INFO 11380 --- [main] lavalink.server.Launcher                 : Starting Launcher on DESKTOP-B955P3C with PID 11380 (E:\Work\discord-js-lavalink-Music-Bot-erela-js-music-only\Lavalink.jar started by khars in E:\Work\discord-js-lavalink-Music-Bot-erela-js-music-only)
2021-05-07 20:31:41.877  INFO 11380 --- [main] lavalink.server.Launcher                 : No active profile set, falling back to default profiles: default
2021-05-07 20:31:42.218  WARN 11380 --- [background-preinit] o.s.h.c.j.Jackson2ObjectMapperBuilder    : For Jackson Kotlin classes support please add "com.fasterxml.jackson.module:jackson-module-kotlin" to the classpath
2021-05-07 20:31:46.250  WARN 11380 --- [main] io.undertow.websockets.jsr               : UT026010: Buffer pool was not set on WebSocketDeploymentInfo, the default pool will be used
2021-05-07 20:31:46.308  INFO 11380 --- [main] io.undertow.servlet                      : Initializing Spring embedded WebApplicationContext
2021-05-07 20:31:46.309  INFO 11380 --- [main] o.s.web.context.ContextLoader            : Root WebApplicationContext: initialization completed in 4315 ms
2021-05-07 20:31:47.200  WARN 11380 --- [main] l.server.config.SentryConfiguration      : Turning off sentry
2021-05-07 20:31:47.831  INFO 11380 --- [main] c.s.d.l.tools.GarbageCollectionMonitor   : GC monitoring enabled, reporting results every 2 minutes.
2021-05-07 20:31:48.277  INFO 11380 --- [main] lavalink.server.config.KoeConfiguration  : OS: Windows 10, Arch: amd64
2021-05-07 20:31:48.278  WARN 11380 --- [main] lavalink.server.config.KoeConfiguration  : This system and architecture appears to not support native audio sending! GC pauses may cause your bot to stutter during playback.
2021-05-07 20:31:48.819  INFO 11380 --- [main] o.s.s.concurrent.ThreadPoolTaskExecutor  : Initializing ExecutorService 'applicationTaskExecutor'
2021-05-07 20:31:49.464  INFO 11380 --- [main] org.xnio                                 : XNIO version 3.3.8.Final
2021-05-07 20:31:49.489  INFO 11380 --- [main] org.xnio.nio                             : XNIO NIO Implementation Version 3.3.8.Final
2021-05-07 20:31:49.626  INFO 11380 --- [main] o.s.b.w.e.u.UndertowServletWebServer     : Undertow started on port(s) 2333 (http) with context path ''
2021-05-07 20:31:49.638  INFO 11380 --- [main] lavalink.server.Launcher                 : Started Launcher in 9.305 seconds (JVM running for 10.564)
2021-05-07 20:31:49.642  INFO 11380 --- [main] lavalink.server.Launcher                 : You can safely ignore the big red warning about illegal reflection. See https://github.com/Frederikam/Lavalink/issues/295
2021-05-07 20:31:53.662  INFO 11380 --- [XNIO-1 task-1] io.undertow.servlet                      : Initializing Spring DispatcherServlet 'dispatcherServlet'
2021-05-07 20:31:53.663  INFO 11380 --- [XNIO-1 task-1] o.s.web.servlet.DispatcherServlet        : Initializing Servlet 'dispatcherServlet'
2021-05-07 20:31:53.686  INFO 11380 --- [XNIO-1 task-1] o.s.web.servlet.DispatcherServlet        : Completed initialization in 23 ms
2021-05-07 20:31:53.735  INFO 11380 --- [XNIO-1 task-1] l.server.io.HandshakeInterceptorImpl     : Incoming connection from /127.0.0.1:59481
2021-05-07 20:31:53.883  INFO 11380 --- [XNIO-1 task-1] lavalink.server.io.SocketServer          : Connection successfully established from erela.js
2021-05-07 20:32:08.777  INFO 11116 --- [main] lavalink.server.Launcher                 : 

[32m       .  [31m _                  _ _       _    [32m__ _ _
[32m      /\\ [31m| | __ ___   ____ _| (_)_ __ | | __[32m\ \ \ \
[32m     ( ( )[31m| |/ _` \ \ / / _` | | | '_ \| |/ /[32m \ \ \ \
[32m      \\/ [31m| | (_| |\ V / (_| | | | | | |   < [32m  ) ) ) )
[32m       '  [31m|_|\__,_| \_/ \__,_|_|_|_| |_|_|\_\[32m / / / /
[0m    =========================================[32m/_/_/_/[0m

	Version:        44fcfdf945fc6cd9ce6c96480d3b7dc098897a51-SNAPSHOT
	Build:          Unofficial
	Build time:     01.04.2021 09:53:06 UTC
	Branch          dev
	Commit:         44fcfdf
	Commit time:    01.04.2021 08:19:05 UTC
	JVM:            11.0.11
	Lavaplayer      1.3.74

2021-05-07 20:32:09.005  INFO 11116 --- [main] lavalink.server.Launcher                 : Starting Launcher on DESKTOP-B955P3C with PID 11116 (E:\Work\discord-js-lavalink-Music-Bot-erela-js-music-only\Lavalink.jar started by khars in E:\Work\discord-js-lavalink-Music-Bot-erela-js-music-only)
2021-05-07 20:32:09.007  INFO 11116 --- [main] lavalink.server.Launcher                 : No active profile set, falling back to default profiles: default
2021-05-07 20:32:09.229  WARN 11116 --- [background-preinit] o.s.h.c.j.Jackson2ObjectMapperBuilder    : For Jackson Kotlin classes support please add "com.fasterxml.jackson.module:jackson-module-kotlin" to the classpath
2021-05-07 20:32:12.602  WARN 11116 --- [main] io.undertow.websockets.jsr               : UT026010: Buffer pool was not set on WebSocketDeploymentInfo, the default pool will be used
2021-05-07 20:32:12.657  INFO 11116 --- [main] io.undertow.servlet                      : Initializing Spring embedded WebApplicationContext
2021-05-07 20:32:12.658  INFO 11116 --- [main] o.s.web.context.ContextLoader            : Root WebApplicationContext: initialization completed in 3541 ms
2021-05-07 20:32:13.982  WARN 11116 --- [main] l.server.config.SentryConfiguration      : Turning off sentry
2021-05-07 20:32:14.563  INFO 11116 --- [main] c.s.d.l.tools.GarbageCollectionMonitor   : GC monitoring enabled, reporting results every 2 minutes.
2021-05-07 20:32:14.922  INFO 11116 --- [main] lavalink.server.config.KoeConfiguration  : OS: Windows 10, Arch: amd64
2021-05-07 20:32:14.924  WARN 11116 --- [main] lavalink.server.config.KoeConfiguration  : This system and architecture appears to not support native audio sending! GC pauses may cause your bot to stutter during playback.
2021-05-07 20:32:15.460  INFO 11116 --- [main] o.s.s.concurrent.ThreadPoolTaskExecutor  : Initializing ExecutorService 'applicationTaskExecutor'
2021-05-07 20:32:16.453  INFO 11116 --- [main] org.xnio                                 : XNIO version 3.3.8.Final
2021-05-07 20:32:16.480  INFO 11116 --- [main] org.xnio.nio                             : XNIO NIO Implementation Version 3.3.8.Final
2021-05-07 20:32:16.785  INFO 11116 --- [main] ConditionEvaluationReportLoggingListener : 

Error starting ApplicationContext. To display the conditions report re-run your application with 'debug' enabled.
2021-05-07 20:32:17.196 ERROR 11116 --- [main] lavalink.server.Launcher                 : Application failed

org.springframework.boot.web.server.PortInUseException: Port 2333 is already in use
	at org.springframework.boot.web.embedded.undertow.UndertowServletWebServer.start(UndertowServletWebServer.java:154) ~[spring-boot-2.1.8.RELEASE.jar!/:2.1.8.RELEASE]
	at org.springframework.boot.web.servlet.context.ServletWebServerApplicationContext.startWebServer(ServletWebServerApplicationContext.java:297) ~[spring-boot-2.1.8.RELEASE.jar!/:2.1.8.RELEASE]
	at org.springframework.boot.web.servlet.context.ServletWebServerApplicationContext.finishRefresh(ServletWebServerApplicationContext.java:163) ~[spring-boot-2.1.8.RELEASE.jar!/:2.1.8.RELEASE]
	at org.springframework.context.support.AbstractApplicationContext.refresh(AbstractApplicationContext.java:552) ~[spring-context-5.1.9.RELEASE.jar!/:5.1.9.RELEASE]
	at org.springframework.boot.web.servlet.context.ServletWebServerApplicationContext.refresh(ServletWebServerApplicationContext.java:141) ~[spring-boot-2.1.8.RELEASE.jar!/:2.1.8.RELEASE]
	at org.springframework.boot.SpringApplication.refresh(SpringApplication.java:744) ~[spring-boot-2.1.8.RELEASE.jar!/:2.1.8.RELEASE]
	at org.springframework.boot.SpringApplication.refreshContext(SpringApplication.java:391) ~[spring-boot-2.1.8.RELEASE.jar!/:2.1.8.RELEASE]
	at org.springframework.boot.SpringApplication.run(SpringApplication.java:312) ~[spring-boot-2.1.8.RELEASE.jar!/:2.1.8.RELEASE]
	at lavalink.server.Launcher.main(Launcher.kt:127) ~[classes!/:na]
	at java.base/jdk.internal.reflect.NativeMethodAccessorImpl.invoke0(Native Method) ~[na:na]
	at java.base/jdk.internal.reflect.NativeMethodAccessorImpl.invoke(NativeMethodAccessorImpl.java:62) ~[na:na]
	at java.base/jdk.internal.reflect.DelegatingMethodAccessorImpl.invoke(DelegatingMethodAccessorImpl.java:43) ~[na:na]
	at java.base/java.lang.reflect.Method.invoke(Method.java:566) ~[na:na]
	at org.springframework.boot.loader.MainMethodRunner.run(MainMethodRunner.java:48) ~[Lavalink.jar:na]
	at org.springframework.boot.loader.Launcher.launch(Launcher.java:87) ~[Lavalink.jar:na]
	at org.springframework.boot.loader.Launcher.launch(Launcher.java:51) ~[Lavalink.jar:na]
	at org.springframework.boot.loader.JarLauncher.main(JarLauncher.java:52) ~[Lavalink.jar:na]

2021-05-07 20:32:17.202 ERROR 11116 --- [main] o.s.b.d.LoggingFailureAnalysisReporter   : 

***************************
APPLICATION FAILED TO START
***************************

Description:

Web server failed to start. Port 2333 was already in use.

Action:

Identify and stop the process that's listening on port 2333 or configure this application to listen on another port.

2021-05-07 20:32:17.208  INFO 11116 --- [main] o.s.s.concurrent.ThreadPoolTaskExecutor  : Shutting down ExecutorService 'applicationTaskExecutor'
2021-05-07 20:32:17.210  INFO 11116 --- [main] c.s.d.l.tools.GarbageCollectionMonitor   : GC monitoring disabled.
2021-05-07 20:44:51.230  INFO 11380 --- [XNIO-1 I/O-1] lavalink.server.io.SocketServer          : Connection closed from /127.0.0.1:59481 -- CloseStatus[code=1006, reason=]
2021-05-07 20:44:51.231  INFO 11380 --- [XNIO-1 I/O-1] lavalink.server.io.SocketContext         : Shutting down 0 playing players.
